# Logfile created on 2014-02-03 02:50:37 -0600 by logger.rb/36483
I, [2014-02-03T02:50:37.349962 #24124]  INFO -- : 0:  rake (10.1.1) from /usr/local/lib/ruby/gems/2.0.0/specifications/rake-10.1.1.gemspec
I, [2014-02-03T02:50:37.350395 #24124]  INFO -- : 0:  i18n (0.6.9) from /usr/local/lib/ruby/gems/2.0.0/specifications/i18n-0.6.9.gemspec
I, [2014-02-03T02:50:37.350623 #24124]  INFO -- : 0:  minitest (4.7.5) from /usr/local/lib/ruby/gems/2.0.0/specifications/minitest-4.7.5.gemspec
I, [2014-02-03T02:50:37.350866 #24124]  INFO -- : 0:  multi_json (1.8.4) from /usr/local/lib/ruby/gems/2.0.0/specifications/multi_json-1.8.4.gemspec
I, [2014-02-03T02:50:37.351084 #24124]  INFO -- : 0:  atomic (1.1.14) from /usr/local/lib/ruby/gems/2.0.0/specifications/atomic-1.1.14.gemspec
I, [2014-02-03T02:50:37.351300 #24124]  INFO -- : 0:  thread_safe (0.1.3) from /usr/local/lib/ruby/gems/2.0.0/specifications/thread_safe-0.1.3.gemspec
I, [2014-02-03T02:50:37.351516 #24124]  INFO -- : 0:  tzinfo (0.3.38) from /usr/local/lib/ruby/gems/2.0.0/specifications/tzinfo-0.3.38.gemspec
I, [2014-02-03T02:50:37.351737 #24124]  INFO -- : 0:  activesupport (4.0.2) from /usr/local/lib/ruby/gems/2.0.0/specifications/activesupport-4.0.2.gemspec
I, [2014-02-03T02:50:37.351969 #24124]  INFO -- : 0:  builder (3.1.4) from /usr/local/lib/ruby/gems/2.0.0/specifications/builder-3.1.4.gemspec
I, [2014-02-03T02:50:37.352199 #24124]  INFO -- : 0:  erubis (2.7.0) from /usr/local/lib/ruby/gems/2.0.0/specifications/erubis-2.7.0.gemspec
I, [2014-02-03T02:50:37.352407 #24124]  INFO -- : 0:  rack (1.5.2) from /usr/local/lib/ruby/gems/2.0.0/specifications/rack-1.5.2.gemspec
I, [2014-02-03T02:50:37.352650 #24124]  INFO -- : 0:  rack-test (0.6.2) from /usr/local/lib/ruby/gems/2.0.0/specifications/rack-test-0.6.2.gemspec
I, [2014-02-03T02:50:37.352876 #24124]  INFO -- : 0:  actionpack (4.0.2) from /usr/local/lib/ruby/gems/2.0.0/specifications/actionpack-4.0.2.gemspec
I, [2014-02-03T02:50:37.353096 #24124]  INFO -- : 0:  mime-types (1.25.1) from /usr/local/lib/ruby/gems/2.0.0/specifications/mime-types-1.25.1.gemspec
I, [2014-02-03T02:50:37.353321 #24124]  INFO -- : 0:  polyglot (0.3.3) from /usr/local/lib/ruby/gems/2.0.0/specifications/polyglot-0.3.3.gemspec
I, [2014-02-03T02:50:37.353553 #24124]  INFO -- : 0:  treetop (1.4.15) from /usr/local/lib/ruby/gems/2.0.0/specifications/treetop-1.4.15.gemspec
I, [2014-02-03T02:50:37.353763 #24124]  INFO -- : 0:  mail (2.5.4) from /usr/local/lib/ruby/gems/2.0.0/specifications/mail-2.5.4.gemspec
I, [2014-02-03T02:50:37.353972 #24124]  INFO -- : 0:  actionmailer (4.0.2) from /usr/local/lib/ruby/gems/2.0.0/specifications/actionmailer-4.0.2.gemspec
I, [2014-02-03T02:50:37.354195 #24124]  INFO -- : 0:  activemodel (4.0.2) from /usr/local/lib/ruby/gems/2.0.0/specifications/activemodel-4.0.2.gemspec
I, [2014-02-03T02:50:37.354404 #24124]  INFO -- : 0:  activerecord-deprecated_finders (1.0.3) from /usr/local/lib/ruby/gems/2.0.0/specifications/activerecord-deprecated_finders-1.0.3.gemspec
I, [2014-02-03T02:50:37.354622 #24124]  INFO -- : 0:  arel (4.0.1) from /usr/local/lib/ruby/gems/2.0.0/specifications/arel-4.0.1.gemspec
I, [2014-02-03T02:50:37.354850 #24124]  INFO -- : 0:  activerecord (4.0.2) from /usr/local/lib/ruby/gems/2.0.0/specifications/activerecord-4.0.2.gemspec
I, [2014-02-03T02:50:37.355074 #24124]  INFO -- : 0:  bson (2.2.0) from /usr/local/lib/ruby/gems/2.0.0/specifications/bson-2.2.0.gemspec
I, [2014-02-03T02:50:37.355303 #24124]  INFO -- : 0:  bson_ext (1.5.1) from /usr/local/lib/ruby/gems/2.0.0/specifications/bson_ext-1.5.1.gemspec
I, [2014-02-03T02:50:37.355503 #24124]  INFO -- : 0:  bundler (1.5.1) from /usr/local/lib/ruby/gems/2.0.0/specifications/bundler-1.5.1.gemspec
I, [2014-02-03T02:50:37.355721 #24124]  INFO -- : 0:  connection_pool (1.2.0) from /usr/local/lib/ruby/gems/2.0.0/specifications/connection_pool-1.2.0.gemspec
I, [2014-02-03T02:50:37.355929 #24124]  INFO -- : 0:  highline (1.6.20) from /usr/local/lib/ruby/gems/2.0.0/specifications/highline-1.6.20.gemspec
I, [2014-02-03T02:50:37.356142 #24124]  INFO -- : 0:  thor (0.18.1) from /usr/local/lib/ruby/gems/2.0.0/specifications/thor-0.18.1.gemspec
I, [2014-02-03T02:50:37.356370 #24124]  INFO -- : 0:  railties (4.0.2) from /usr/local/lib/ruby/gems/2.0.0/specifications/railties-4.0.2.gemspec
I, [2014-02-03T02:50:37.356604 #24124]  INFO -- : 0:  hike (1.2.3) from /usr/local/lib/ruby/gems/2.0.0/specifications/hike-1.2.3.gemspec
I, [2014-02-03T02:50:37.356824 #24124]  INFO -- : 0:  tilt (1.4.1) from /usr/local/lib/ruby/gems/2.0.0/specifications/tilt-1.4.1.gemspec
I, [2014-02-03T02:50:37.357042 #24124]  INFO -- : 0:  sprockets (2.10.1) from /usr/local/lib/ruby/gems/2.0.0/specifications/sprockets-2.10.1.gemspec
I, [2014-02-03T02:50:37.357305 #24124]  INFO -- : 0:  sprockets-rails (2.0.1) from /usr/local/lib/ruby/gems/2.0.0/specifications/sprockets-rails-2.0.1.gemspec
I, [2014-02-03T02:50:37.357539 #24124]  INFO -- : 0:  rails (4.0.2) from /usr/local/lib/ruby/gems/2.0.0/specifications/rails-4.0.2.gemspec
I, [2014-02-03T02:50:37.407586 #24124]  INFO -- : 0:  duck_map (0.8.9) from /alldata/git/rails/gems/duck_map/duck_map.gemspec
I, [2014-02-03T02:50:37.407907 #24124]  INFO -- : 0:  optionable (0.2.0) from /usr/local/lib/ruby/gems/2.0.0/specifications/optionable-0.2.0.gemspec
I, [2014-02-03T02:50:37.408125 #24124]  INFO -- : 0:  moped (2.0.0.beta6) from /usr/local/lib/ruby/gems/2.0.0/specifications/moped-2.0.0.beta6.gemspec
I, [2014-02-03T02:50:37.408333 #24124]  INFO -- : 0:  origin (2.1.0) from /usr/local/lib/ruby/gems/2.0.0/specifications/origin-2.1.0.gemspec
I, [2014-02-03T02:50:37.408541 #24124]  INFO -- : 0:  mongoid (4.0.0.beta1) from /usr/local/lib/ruby/gems/2.0.0/specifications/mongoid-4.0.0.beta1.gemspec
I, [2014-02-03T02:50:37.408763 #24124]  INFO -- : 0:  sqlite3 (1.3.8) from /usr/local/lib/ruby/gems/2.0.0/specifications/sqlite3-1.3.8.gemspec
